[17-Nov-2019 11:20:25 America/Bogota] PHP Fatal error:  Uncaught PDOException: SQLSTATE[08006] [7] could not connect to server: Connection refused
	Is the server running on host "localhost" (127.0.0.1) and accepting
	TCP/IP connections on port 5432?
could not connect to server: Address not available
	Is the server running on host "localhost" (::1) and accepting
	TCP/IP connections on port 5432? in /var/www/html/public/index.php:3
Stack trace:
#0 /var/www/html/public/index.php(3): PDO->__construct('pgsql:host=loca...')
#1 {main}
  thrown in /var/www/html/public/index.php on line 3
[17-Nov-2019 11:22:43 America/Bogota] PHP Fatal error:  Uncaught PDOException: SQLSTATE[08006] [7] could not connect to server: Connection refused
	Is the server running on host "localhost" (127.0.0.1) and accepting
	TCP/IP connections on port 5432?
could not connect to server: Address not available
	Is the server running on host "localhost" (::1) and accepting
	TCP/IP connections on port 5432? in /var/www/html/public/index.php:3
Stack trace:
#0 /var/www/html/public/index.php(3): PDO->__construct('pgsql:host=loca...')
#1 {main}
  thrown in /var/www/html/public/index.php on line 3
[17-Nov-2019 11:27:57 America/Bogota] PHP Fatal error:  Uncaught PDOException: SQLSTATE[08006] [7] could not connect to server: Connection refused
	Is the server running on host "localhost" (127.0.0.1) and accepting
	TCP/IP connections on port 5432?
could not connect to server: Address not available
	Is the server running on host "localhost" (::1) and accepting
	TCP/IP connections on port 5432? in /var/www/html/public/index.php:3
Stack trace:
#0 /var/www/html/public/index.php(3): PDO->__construct('pgsql:host=loca...')
#1 {main}
  thrown in /var/www/html/public/index.php on line 3
[17-Nov-2019 11:37:33 America/Bogota] PHP Fatal error:  Uncaught PDOException: SQLSTATE[08006] [7] could not connect to server: Connection refused
	Is the server running on host "localhost" (127.0.0.1) and accepting
	TCP/IP connections on port 5432?
could not connect to server: Address not available
	Is the server running on host "localhost" (::1) and accepting
	TCP/IP connections on port 5432? in /var/www/html/public/index.php:3
Stack trace:
#0 /var/www/html/public/index.php(3): PDO->__construct('pgsql:host=loca...')
#1 {main}
  thrown in /var/www/html/public/index.php on line 3
[17-Nov-2019 11:38:46 America/Bogota] PHP Fatal error:  Uncaught PDOException: SQLSTATE[08006] [7] could not connect to server: Connection refused
	Is the server running on host "localhost" (127.0.0.1) and accepting
	TCP/IP connections on port 5432?
could not connect to server: Address not available
	Is the server running on host "localhost" (::1) and accepting
	TCP/IP connections on port 5432? in /var/www/html/public/index.php:3
Stack trace:
#0 /var/www/html/public/index.php(3): PDO->__construct('pgsql:host=loca...')
#1 {main}
  thrown in /var/www/html/public/index.php on line 3
[17-Nov-2019 11:38:50 America/Bogota] PHP Fatal error:  Uncaught PDOException: SQLSTATE[08006] [7] could not connect to server: Connection refused
	Is the server running on host "localhost" (127.0.0.1) and accepting
	TCP/IP connections on port 5432?
could not connect to server: Address not available
	Is the server running on host "localhost" (::1) and accepting
	TCP/IP connections on port 5432? in /var/www/html/public/index.php:3
Stack trace:
#0 /var/www/html/public/index.php(3): PDO->__construct('pgsql:host=loca...')
#1 {main}
  thrown in /var/www/html/public/index.php on line 3
[17-Nov-2019 11:47:02 America/Bogota] PHP Fatal error:  Uncaught PDOException: SQLSTATE[08006] [7] could not connect to server: Connection refused
	Is the server running on host "localhost" (127.0.0.1) and accepting
	TCP/IP connections on port 5432?
could not connect to server: Address not available
	Is the server running on host "localhost" (::1) and accepting
	TCP/IP connections on port 5432? in /var/www/html/public/index.php:3
Stack trace:
#0 /var/www/html/public/index.php(3): PDO->__construct('pgsql:host=loca...')
#1 {main}
  thrown in /var/www/html/public/index.php on line 3
[17-Nov-2019 11:47:16 America/Bogota] PHP Fatal error:  Uncaught PDOException: SQLSTATE[08006] [7] could not connect to server: Connection refused
	Is the server running on host "localhost" (127.0.0.1) and accepting
	TCP/IP connections on port 5432?
could not connect to server: Address not available
	Is the server running on host "localhost" (::1) and accepting
	TCP/IP connections on port 5432? in /var/www/html/public/index.php:3
Stack trace:
#0 /var/www/html/public/index.php(3): PDO->__construct('pgsql:host=loca...')
#1 {main}
  thrown in /var/www/html/public/index.php on line 3
[17-Nov-2019 11:47:26 America/Bogota] PHP Fatal error:  Uncaught PDOException: SQLSTATE[08006] [7] could not connect to server: Connection refused
	Is the server running on host "localhost" (127.0.0.1) and accepting
	TCP/IP connections on port 5432?
could not connect to server: Address not available
	Is the server running on host "localhost" (::1) and accepting
	TCP/IP connections on port 5432? in /var/www/html/public/index.php:3
Stack trace:
#0 /var/www/html/public/index.php(3): PDO->__construct('pgsql:host=loca...')
#1 {main}
  thrown in /var/www/html/public/index.php on line 3
[17-Nov-2019 11:47:55 America/Bogota] PHP Fatal error:  Uncaught PDOException: SQLSTATE[08006] [7] could not connect to server: Connection refused
	Is the server running on host "localhost" (127.0.0.1) and accepting
	TCP/IP connections on port 5432?
could not connect to server: Address not available
	Is the server running on host "localhost" (::1) and accepting
	TCP/IP connections on port 5432? in /var/www/html/public/index.php:3
Stack trace:
#0 /var/www/html/public/index.php(3): PDO->__construct('pgsql:host=loca...')
#1 {main}
  thrown in /var/www/html/public/index.php on line 3
[17-Nov-2019 11:48:25 America/Bogota] PHP Fatal error:  Uncaught PDOException: SQLSTATE[08006] [7] could not connect to server: Connection refused
	Is the server running on host "127.0.0.1" and accepting
	TCP/IP connections on port 5432? in /var/www/html/public/index.php:3
Stack trace:
#0 /var/www/html/public/index.php(3): PDO->__construct('pgsql:host=127....')
#1 {main}
  thrown in /var/www/html/public/index.php on line 3
[17-Nov-2019 11:48:35 America/Bogota] PHP Fatal error:  Uncaught PDOException: SQLSTATE[08006] [7] could not connect to server: Connection refused
	Is the server running on host "127.0.0.1" and accepting
	TCP/IP connections on port 5432? in /var/www/html/public/index.php:3
Stack trace:
#0 /var/www/html/public/index.php(3): PDO->__construct('pgsql:host=127....')
#1 {main}
  thrown in /var/www/html/public/index.php on line 3
[17-Nov-2019 11:48:38 America/Bogota] PHP Fatal error:  Uncaught PDOException: SQLSTATE[08006] [7] could not connect to server: Connection refused
	Is the server running on host "127.0.0.1" and accepting
	TCP/IP connections on port 5432? in /var/www/html/public/index.php:3
Stack trace:
#0 /var/www/html/public/index.php(3): PDO->__construct('pgsql:host=127....')
#1 {main}
  thrown in /var/www/html/public/index.php on line 3
[17-Nov-2019 11:48:54 America/Bogota] PHP Fatal error:  Uncaught PDOException: SQLSTATE[08006] [7] could not connect to server: Connection refused
	Is the server running on host "127.0.0.1" and accepting
	TCP/IP connections on port 54232? in /var/www/html/public/index.php:3
Stack trace:
#0 /var/www/html/public/index.php(3): PDO->__construct('pgsql:host=127....')
#1 {main}
  thrown in /var/www/html/public/index.php on line 3
[17-Nov-2019 11:50:31 America/Bogota] PHP Fatal error:  Uncaught PDOException: SQLSTATE[08006] [7] could not connect to server: Connection refused
	Is the server running on host "127.0.0.1" and accepting
	TCP/IP connections on port 5243? in /var/www/html/public/index.php:3
Stack trace:
#0 /var/www/html/public/index.php(3): PDO->__construct('pgsql:host=127....')
#1 {main}
  thrown in /var/www/html/public/index.php on line 3
[17-Nov-2019 11:53:31 America/Bogota] PHP Fatal error:  Uncaught PDOException: SQLSTATE[08006] [7] could not connect to server: Connection refused
	Is the server running on host "127.0.0.1" and accepting
	TCP/IP connections on port 5243? in /var/www/html/public/index.php:3
Stack trace:
#0 /var/www/html/public/index.php(3): PDO->__construct('pgsql:host=127....')
#1 {main}
  thrown in /var/www/html/public/index.php on line 3
[17-Nov-2019 11:59:45 America/Bogota] PHP Fatal error:  Uncaught PDOException: SQLSTATE[08006] [7] could not translate host name "postgresql" to address: Name does not resolve in /var/www/html/public/index.php:3
Stack trace:
#0 /var/www/html/public/index.php(3): PDO->__construct('pgsql:host=post...')
#1 {main}
  thrown in /var/www/html/public/index.php on line 3
[17-Nov-2019 12:00:34 America/Bogota] PHP Fatal error:  Uncaught PDOException: SQLSTATE[08006] [7] could not translate host name "la_postgres_1" to address: Name does not resolve in /var/www/html/public/index.php:3
Stack trace:
#0 /var/www/html/public/index.php(3): PDO->__construct('pgsql:host=la_p...')
#1 {main}
  thrown in /var/www/html/public/index.php on line 3
[17-Nov-2019 12:01:48 America/Bogota] PHP Fatal error:  Uncaught PDOException: SQLSTATE[08006] [7] could not connect to server: Connection refused
	Is the server running on host "la_pgsql_1" (172.18.0.5) and accepting
	TCP/IP connections on port 5243? in /var/www/html/public/index.php:3
Stack trace:
#0 /var/www/html/public/index.php(3): PDO->__construct('pgsql:host=la_p...')
#1 {main}
  thrown in /var/www/html/public/index.php on line 3
[17-Nov-2019 12:02:24 America/Bogota] PHP Fatal error:  Uncaught PDOException: SQLSTATE[08006] [7] could not connect to server: Connection refused
	Is the server running on host "la_pgsql_1" (172.18.0.5) and accepting
	TCP/IP connections on port 5243? in /var/www/html/public/index.php:3
Stack trace:
#0 /var/www/html/public/index.php(3): PDO->__construct('pgsql:host=la_p...')
#1 {main}
  thrown in /var/www/html/public/index.php on line 3
[17-Nov-2019 12:02:37 America/Bogota] PHP Fatal error:  Uncaught PDOException: SQLSTATE[08006] [7] could not translate host name "la_pgs2ql_1" to address: Name does not resolve in /var/www/html/public/index.php:3
Stack trace:
#0 /var/www/html/public/index.php(3): PDO->__construct('pgsql:host=la_p...')
#1 {main}
  thrown in /var/www/html/public/index.php on line 3
[17-Nov-2019 12:02:45 America/Bogota] PHP Fatal error:  Uncaught PDOException: SQLSTATE[08006] [7] could not connect to server: Connection refused
	Is the server running on host "la_pgsql_1" (172.18.0.5) and accepting
	TCP/IP connections on port 5243? in /var/www/html/public/index.php:3
Stack trace:
#0 /var/www/html/public/index.php(3): PDO->__construct('pgsql:host=la_p...')
#1 {main}
  thrown in /var/www/html/public/index.php on line 3
[17-Nov-2019 12:03:05 America/Bogota] PHP Notice:  Undefined variable: pdo in /var/www/html/public/index.php on line 5
[17-Nov-2019 12:06:54 America/Bogota] PHP Fatal error:  Uncaught PDOException: SQLSTATE[08006] [7] missing "=" after "refer" in connection info string in /var/www/html/public/index.php:3
Stack trace:
#0 /var/www/html/public/index.php(3): PDO->__construct('pgsql:host=la_p...', 'laravel', 'laravel', Array)
#1 {main}
  thrown in /var/www/html/public/index.php on line 3
